<?xml version="1.0" encoding="UTF-8"?>
<coverage generated="1749461728095" clover="3.2.0">
  <project timestamp="1749461728095" name="All files">
    <metrics statements="53" coveredstatements="39" conditionals="16" coveredconditionals="10" methods="19" coveredmethods="13" elements="88" coveredelements="62" complexity="0" loc="53" ncloc="53" packages="1" files="1" classes="1"/>
    <file name="enigma.js" path="/home/katsiaryna/Documents/meds/ai_challenge/edu-ai-challenge-2025/6/enigma.js">
      <metrics statements="53" coveredstatements="39" conditionals="16" coveredconditionals="10" methods="19" coveredmethods="13"/>
      <line num="1" count="1" type="stmt"/>
      <line num="3" count="1" type="stmt"/>
      <line num="5" count="886" type="stmt"/>
      <line num="8" count="1" type="stmt"/>
      <line num="13" count="1" type="stmt"/>
      <line num="16" count="252" type="stmt"/>
      <line num="17" count="64" type="cond" truecount="2" falsecount="0"/>
      <line num="18" count="57" type="cond" truecount="2" falsecount="0"/>
      <line num="20" count="238" type="stmt"/>
      <line num="25" count="42" type="stmt"/>
      <line num="26" count="42" type="stmt"/>
      <line num="27" count="42" type="stmt"/>
      <line num="28" count="42" type="stmt"/>
      <line num="31" count="130" type="stmt"/>
      <line num="34" count="254" type="stmt"/>
      <line num="37" count="378" type="stmt"/>
      <line num="38" count="378" type="stmt"/>
      <line num="41" count="378" type="stmt"/>
      <line num="42" count="378" type="stmt"/>
      <line num="48" count="13" type="stmt"/>
      <line num="50" count="39" type="stmt"/>
      <line num="57" count="13" type="stmt"/>
      <line num="60" count="126" type="cond" truecount="2" falsecount="0"/>
      <line num="61" count="126" type="cond" truecount="1" falsecount="1"/>
      <line num="62" count="126" type="stmt"/>
      <line num="65" count="133" type="cond" truecount="2" falsecount="0"/>
      <line num="66" count="126" type="stmt"/>
      <line num="67" count="126" type="stmt"/>
      <line num="68" count="126" type="stmt"/>
      <line num="69" count="378" type="stmt"/>
      <line num="72" count="126" type="stmt"/>
      <line num="74" count="126" type="stmt"/>
      <line num="75" count="378" type="stmt"/>
      <line num="78" count="126" type="stmt"/>
      <line num="79" count="126" type="stmt"/>
      <line num="82" count="13" type="stmt"/>
      <line num="85" count="133" type="stmt"/>
      <line num="91" count="0" type="stmt"/>
      <line num="95" count="0" type="stmt"/>
      <line num="96" count="0" type="stmt"/>
      <line num="97" count="0" type="stmt"/>
      <line num="98" count="0" type="stmt"/>
      <line num="99" count="0" type="stmt"/>
      <line num="100" count="0" type="stmt"/>
      <line num="102" count="0" type="cond" truecount="0" falsecount="2"/>
      <line num="105" count="0" type="stmt"/>
      <line num="107" count="0" type="stmt"/>
      <line num="113" count="0" type="stmt"/>
      <line num="114" count="0" type="stmt"/>
      <line num="115" count="0" type="stmt"/>
      <line num="122" count="1" type="cond" truecount="1" falsecount="1"/>
      <line num="123" count="0" type="stmt"/>
      <line num="126" count="1" type="stmt"/>
    </file>
  </project>
</coverage>
