TN:
SF:enigma.js
FN:4,mod
FN:15,plugboardSwap
FN:24,(anonymous_2)
FN:30,(anonymous_3)
FN:33,(anonymous_4)
FN:36,(anonymous_5)
FN:40,(anonymous_6)
FN:47,(anonymous_7)
FN:49,(anonymous_8)
FN:59,(anonymous_9)
FN:64,(anonymous_10)
FN:81,(anonymous_11)
FN:85,(anonymous_12)
FN:90,promptEnigma
FN:95,(anonymous_14)
FN:96,(anonymous_15)
FN:98,(anonymous_16)
FN:100,(anonymous_17)
FN:105,(anonymous_18)
FNF:19
FNH:13
FNDA:886,mod
FNDA:252,plugboardSwap
FNDA:42,(anonymous_2)
FNDA:130,(anonymous_3)
FNDA:254,(anonymous_4)
FNDA:378,(anonymous_5)
FNDA:378,(anonymous_6)
FNDA:13,(anonymous_7)
FNDA:39,(anonymous_8)
FNDA:126,(anonymous_9)
FNDA:133,(anonymous_10)
FNDA:13,(anonymous_11)
FNDA:133,(anonymous_12)
FNDA:0,promptEnigma
FNDA:0,(anonymous_14)
FNDA:0,(anonymous_15)
FNDA:0,(anonymous_16)
FNDA:0,(anonymous_17)
FNDA:0,(anonymous_18)
DA:1,1
DA:3,1
DA:5,886
DA:8,1
DA:13,1
DA:16,252
DA:17,64
DA:18,57
DA:20,238
DA:25,42
DA:26,42
DA:27,42
DA:28,42
DA:31,130
DA:34,254
DA:37,378
DA:38,378
DA:41,378
DA:42,378
DA:48,13
DA:50,39
DA:57,13
DA:60,126
DA:61,126
DA:62,126
DA:65,133
DA:66,126
DA:67,126
DA:68,126
DA:69,378
DA:72,126
DA:74,126
DA:75,378
DA:78,126
DA:79,126
DA:82,13
DA:85,133
DA:91,0
DA:95,0
DA:96,0
DA:97,0
DA:98,0
DA:99,0
DA:100,0
DA:102,0
DA:105,0
DA:107,0
DA:113,0
DA:114,0
DA:115,0
DA:122,1
DA:123,0
DA:126,1
LF:53
LH:39
BRDA:17,0,0,7
BRDA:17,0,1,57
BRDA:18,1,0,7
BRDA:18,1,1,50
BRDA:24,2,0,0
BRDA:24,3,0,0
BRDA:60,4,0,2
BRDA:60,4,1,124
BRDA:61,5,0,0
BRDA:61,5,1,126
BRDA:65,6,0,7
BRDA:65,6,1,126
BRDA:102,7,0,0
BRDA:102,7,1,0
BRDA:122,8,0,0
BRDA:122,8,1,1
BRF:16
BRH:10
end_of_record
