<?xml version="1.0" encoding="UTF-8"?>
<coverage generated="1749633585643" clover="3.2.0">
  <project timestamp="1749633585643" name="All files">
    <metrics statements="256" coveredstatements="215" conditionals="115" coveredconditionals="101" methods="74" coveredmethods="69" elements="445" coveredelements="385" complexity="0" loc="256" ncloc="256" packages="1" files="5" classes="5"/>
    <file name="Board.js" path="/home/katsiaryna/Documents/meds/ai_challenge/edu-ai-challenge-2025/7/src/Board.js">
      <metrics statements="55" coveredstatements="55" conditionals="31" coveredconditionals="31" methods="21" coveredmethods="21"/>
      <line num="8" count="272" type="stmt"/>
      <line num="9" count="272" type="stmt"/>
      <line num="10" count="272" type="stmt"/>
      <line num="11" count="272" type="stmt"/>
      <line num="19" count="273" type="stmt"/>
      <line num="20" count="2713" type="stmt"/>
      <line num="30" count="31" type="stmt"/>
      <line num="31" count="31" type="stmt"/>
      <line num="32" count="31" type="stmt"/>
      <line num="34" count="31" type="cond" truecount="2" falsecount="0"/>
      <line num="35" count="1127" type="stmt"/>
      <line num="36" count="1127" type="cond" truecount="2" falsecount="0"/>
      <line num="37" count="1127" type="stmt"/>
      <line num="39" count="1127" type="stmt"/>
      <line num="41" count="1127" type="cond" truecount="2" falsecount="0"/>
      <line num="42" count="82" type="stmt"/>
      <line num="43" count="82" type="stmt"/>
      <line num="47" count="31" type="cond" truecount="2" falsecount="0"/>
      <line num="48" count="1" type="stmt"/>
      <line num="59" count="1129" type="cond" truecount="2" falsecount="0"/>
      <line num="63" count="1129" type="cond" truecount="2" falsecount="0"/>
      <line num="67" count="1129" type="stmt"/>
      <line num="79" count="1129" type="stmt"/>
      <line num="80" count="1129" type="stmt"/>
      <line num="81" count="3468" type="cond" truecount="2" falsecount="0"/>
      <line num="82" count="3468" type="cond" truecount="2" falsecount="0"/>
      <line num="83" count="3468" type="stmt"/>
      <line num="85" count="1129" type="stmt"/>
      <line num="94" count="1131" type="stmt"/>
      <line num="95" count="1331" type="stmt"/>
      <line num="96" count="1330" type="cond" truecount="2" falsecount="0"/>
      <line num="105" count="102" type="stmt"/>
      <line num="106" count="102" type="stmt"/>
      <line num="109" count="102" type="stmt"/>
      <line num="110" count="294" type="stmt"/>
      <line num="111" count="294" type="stmt"/>
      <line num="121" count="24" type="cond" truecount="2" falsecount="0"/>
      <line num="122" count="1" type="stmt"/>
      <line num="125" count="23" type="stmt"/>
      <line num="126" count="23" type="stmt"/>
      <line num="129" count="23" type="stmt"/>
      <line num="130" count="23" type="cond" truecount="2" falsecount="0"/>
      <line num="131" count="15" type="stmt"/>
      <line num="132" count="15" type="stmt"/>
      <line num="142" count="8" type="stmt"/>
      <line num="143" count="8" type="stmt"/>
      <line num="152" count="1782" type="cond" truecount="2" falsecount="0"/>
      <line num="153" count="4" type="stmt"/>
      <line num="155" count="1778" type="stmt"/>
      <line num="165" count="1381" type="cond" truecount="4" falsecount="0"/>
      <line num="173" count="1495" type="stmt"/>
      <line num="181" count="16" type="stmt"/>
      <line num="189" count="18" type="cond" truecount="2" falsecount="0"/>
      <line num="197" count="43" type="stmt"/>
      <line num="206" count="71" type="stmt"/>
    </file>
    <file name="Display.js" path="/home/katsiaryna/Documents/meds/ai_challenge/edu-ai-challenge-2025/7/src/Display.js">
      <metrics statements="61" coveredstatements="61" conditionals="17" coveredconditionals="17" methods="16" coveredmethods="16"/>
      <line num="6" count="55" type="stmt"/>
      <line num="15" count="7" type="stmt"/>
      <line num="18" count="7" type="stmt"/>
      <line num="19" count="7" type="stmt"/>
      <line num="22" count="7" type="stmt"/>
      <line num="23" count="70" type="stmt"/>
      <line num="24" count="70" type="stmt"/>
      <line num="25" count="70" type="stmt"/>
      <line num="27" count="7" type="stmt"/>
      <line num="35" count="8" type="stmt"/>
      <line num="36" count="8" type="stmt"/>
      <line num="37" count="80" type="stmt"/>
      <line num="39" count="8" type="stmt"/>
      <line num="49" count="142" type="stmt"/>
      <line num="50" count="142" type="stmt"/>
      <line num="51" count="1420" type="stmt"/>
      <line num="53" count="142" type="stmt"/>
      <line num="60" count="1" type="stmt"/>
      <line num="61" count="1" type="stmt"/>
      <line num="62" count="1" type="stmt"/>
      <line num="63" count="1" type="stmt"/>
      <line num="64" count="1" type="stmt"/>
      <line num="65" count="1" type="stmt"/>
      <line num="66" count="1" type="stmt"/>
      <line num="67" count="1" type="stmt"/>
      <line num="68" count="1" type="stmt"/>
      <line num="77" count="1" type="stmt"/>
      <line num="78" count="1" type="stmt"/>
      <line num="85" count="1" type="stmt"/>
      <line num="92" count="4" type="stmt"/>
      <line num="101" count="4" type="cond" truecount="2" falsecount="0"/>
      <line num="102" count="1" type="stmt"/>
      <line num="103" count="1" type="stmt"/>
      <line num="106" count="3" type="cond" truecount="2" falsecount="0"/>
      <line num="107" count="2" type="cond" truecount="2" falsecount="0"/>
      <line num="108" count="1" type="stmt"/>
      <line num="110" count="1" type="stmt"/>
      <line num="113" count="1" type="stmt"/>
      <line num="124" count="7" type="cond" truecount="2" falsecount="0"/>
      <line num="126" count="7" type="cond" truecount="2" falsecount="0"/>
      <line num="127" count="3" type="cond" truecount="2" falsecount="0"/>
      <line num="128" count="1" type="stmt"/>
      <line num="130" count="2" type="stmt"/>
      <line num="133" count="4" type="stmt"/>
      <line num="144" count="5" type="stmt"/>
      <line num="146" count="5" type="cond" truecount="2" falsecount="0"/>
      <line num="147" count="3" type="stmt"/>
      <line num="148" count="3" type="stmt"/>
      <line num="150" count="2" type="stmt"/>
      <line num="151" count="2" type="stmt"/>
      <line num="154" count="5" type="stmt"/>
      <line num="155" count="5" type="stmt"/>
      <line num="156" count="5" type="stmt"/>
      <line num="157" count="5" type="stmt"/>
      <line num="165" count="1" type="stmt"/>
      <line num="174" count="1" type="stmt"/>
      <line num="182" count="13" type="stmt"/>
      <line num="190" count="2" type="cond" truecount="2" falsecount="0"/>
      <line num="191" count="1" type="stmt"/>
      <line num="200" count="2" type="stmt"/>
      <line num="201" count="4" type="stmt"/>
    </file>
    <file name="Game.js" path="/home/katsiaryna/Documents/meds/ai_challenge/edu-ai-challenge-2025/7/src/Game.js">
      <metrics statements="60" coveredstatements="28" conditionals="19" coveredconditionals="11" methods="13" coveredmethods="8"/>
      <line num="10" count="26" type="cond" truecount="2" falsecount="0"/>
      <line num="11" count="26" type="cond" truecount="2" falsecount="0"/>
      <line num="12" count="26" type="cond" truecount="2" falsecount="0"/>
      <line num="14" count="26" type="stmt"/>
      <line num="15" count="26" type="stmt"/>
      <line num="16" count="26" type="stmt"/>
      <line num="17" count="26" type="stmt"/>
      <line num="20" count="26" type="stmt"/>
      <line num="30" count="0" type="stmt"/>
      <line num="31" count="0" type="stmt"/>
      <line num="32" count="0" type="stmt"/>
      <line num="35" count="0" type="stmt"/>
      <line num="38" count="0" type="stmt"/>
      <line num="41" count="0" type="stmt"/>
      <line num="43" count="0" type="stmt"/>
      <line num="51" count="12" type="stmt"/>
      <line num="52" count="12" type="stmt"/>
      <line num="53" count="12" type="stmt"/>
      <line num="54" count="12" type="stmt"/>
      <line num="56" count="0" type="stmt"/>
      <line num="64" count="0" type="stmt"/>
      <line num="66" count="0" type="cond" truecount="0" falsecount="2"/>
      <line num="67" count="0" type="stmt"/>
      <line num="71" count="0" type="stmt"/>
      <line num="77" count="0" type="stmt"/>
      <line num="79" count="0" type="cond" truecount="0" falsecount="2"/>
      <line num="80" count="0" type="stmt"/>
      <line num="84" count="0" type="cond" truecount="0" falsecount="2"/>
      <line num="85" count="0" type="stmt"/>
      <line num="89" count="0" type="stmt"/>
      <line num="92" count="0" type="stmt"/>
      <line num="98" count="0" type="stmt"/>
      <line num="106" count="0" type="stmt"/>
      <line num="107" count="0" type="stmt"/>
      <line num="109" count="0" type="stmt"/>
      <line num="110" count="0" type="stmt"/>
      <line num="112" count="0" type="cond" truecount="0" falsecount="2"/>
      <line num="113" count="0" type="stmt"/>
      <line num="114" count="0" type="stmt"/>
      <line num="115" count="0" type="stmt"/>
      <line num="119" count="0" type="stmt"/>
      <line num="122" count="0" type="stmt"/>
      <line num="125" count="0" type="stmt"/>
      <line num="127" count="0" type="stmt"/>
      <line num="136" count="3" type="stmt"/>
      <line num="139" count="3" type="stmt"/>
      <line num="142" count="3" type="stmt"/>
      <line num="145" count="3" type="stmt"/>
      <line num="148" count="3" type="stmt"/>
      <line num="156" count="4" type="cond" truecount="4" falsecount="0"/>
      <line num="157" count="3" type="stmt"/>
      <line num="158" count="3" type="stmt"/>
      <line num="160" count="1" type="stmt"/>
      <line num="167" count="3" type="stmt"/>
      <line num="170" count="3" type="stmt"/>
      <line num="176" count="3" type="stmt"/>
      <line num="188" count="8" type="stmt"/>
      <line num="200" count="6" type="stmt"/>
      <line num="212" count="25" type="stmt"/>
      <line num="213" count="25" type="stmt"/>
    </file>
    <file name="Player.js" path="/home/katsiaryna/Documents/meds/ai_challenge/edu-ai-challenge-2025/7/src/Player.js">
      <metrics statements="69" coveredstatements="60" conditionals="44" coveredconditionals="38" methods="17" coveredmethods="17"/>
      <line num="8" count="87" type="stmt"/>
      <line num="9" count="87" type="stmt"/>
      <line num="10" count="87" type="stmt"/>
      <line num="19" count="28" type="stmt"/>
      <line num="27" count="13" type="stmt"/>
      <line num="35" count="5" type="stmt"/>
      <line num="44" count="4" type="stmt"/>
      <line num="52" count="10" type="stmt"/>
      <line num="60" count="19" type="stmt"/>
      <line num="69" count="38" type="stmt"/>
      <line num="78" count="13" type="cond" truecount="4" falsecount="0"/>
      <line num="79" count="4" type="stmt"/>
      <line num="85" count="9" type="stmt"/>
      <line num="86" count="9" type="stmt"/>
      <line num="88" count="9" type="cond" truecount="8" falsecount="0"/>
      <line num="89" count="2" type="stmt"/>
      <line num="95" count="7" type="cond" truecount="2" falsecount="0"/>
      <line num="96" count="1" type="stmt"/>
      <line num="102" count="6" type="stmt"/>
      <line num="111" count="44" type="stmt"/>
      <line num="112" count="44" type="stmt"/>
      <line num="113" count="44" type="stmt"/>
      <line num="114" count="44" type="stmt"/>
      <line num="124" count="17" type="cond" truecount="4" falsecount="0"/>
      <line num="126" count="2" type="stmt"/>
      <line num="129" count="2" type="cond" truecount="1" falsecount="1"/>
      <line num="130" count="0" type="stmt"/>
      <line num="133" count="2" type="cond" truecount="1" falsecount="1"/>
      <line num="134" count="0" type="stmt"/>
      <line num="135" count="0" type="stmt"/>
      <line num="139" count="15" type="stmt"/>
      <line num="140" count="15" type="stmt"/>
      <line num="143" count="17" type="stmt"/>
      <line num="152" count="16" type="stmt"/>
      <line num="153" count="16" type="stmt"/>
      <line num="155" count="16" type="stmt"/>
      <line num="156" count="20" type="stmt"/>
      <line num="157" count="20" type="stmt"/>
      <line num="158" count="20" type="stmt"/>
      <line num="159" count="20" type="stmt"/>
      <line num="162" count="16" type="cond" truecount="1" falsecount="1"/>
      <line num="164" count="0" type="stmt"/>
      <line num="165" count="0" type="stmt"/>
      <line num="166" count="0" type="stmt"/>
      <line num="167" count="0" type="cond" truecount="0" falsecount="2"/>
      <line num="168" count="0" type="stmt"/>
      <line num="174" count="16" type="stmt"/>
      <line num="184" count="117" type="stmt"/>
      <line num="185" count="117" type="stmt"/>
      <line num="187" count="117" type="cond" truecount="2" falsecount="0"/>
      <line num="188" count="11" type="stmt"/>
      <line num="189" count="11" type="stmt"/>
      <line num="191" count="11" type="cond" truecount="2" falsecount="0"/>
      <line num="193" count="3" type="stmt"/>
      <line num="194" count="3" type="stmt"/>
      <line num="197" count="8" type="stmt"/>
      <line num="198" count="8" type="stmt"/>
      <line num="201" count="106" type="stmt"/>
      <line num="204" count="106" type="cond" truecount="3" falsecount="1"/>
      <line num="205" count="0" type="stmt"/>
      <line num="215" count="11" type="stmt"/>
      <line num="216" count="11" type="stmt"/>
      <line num="223" count="11" type="stmt"/>
      <line num="224" count="44" type="cond" truecount="2" falsecount="0"/>
      <line num="225" count="38" type="stmt"/>
      <line num="226" count="38" type="cond" truecount="4" falsecount="0"/>
      <line num="228" count="35" type="stmt"/>
      <line num="239" count="20" type="stmt"/>
      <line num="247" count="14" type="stmt"/>
    </file>
    <file name="Ship.js" path="/home/katsiaryna/Documents/meds/ai_challenge/edu-ai-challenge-2025/7/src/Ship.js">
      <metrics statements="11" coveredstatements="11" conditionals="4" coveredconditionals="4" methods="7" coveredmethods="7"/>
      <line num="6" count="120" type="stmt"/>
      <line num="7" count="120" type="stmt"/>
      <line num="16" count="57" type="stmt"/>
      <line num="17" count="57" type="cond" truecount="4" falsecount="0"/>
      <line num="18" count="46" type="stmt"/>
      <line num="19" count="46" type="stmt"/>
      <line num="21" count="11" type="stmt"/>
      <line num="29" count="127" type="stmt"/>
      <line num="38" count="6" type="stmt"/>
      <line num="46" count="21" type="stmt"/>
      <line num="54" count="7" type="stmt"/>
    </file>
  </project>
</coverage>
