{"/home/katsiaryna/Documents/meds/ai_challenge/edu-ai-challenge-2025/7/src/Board.js": {"path":"/home/katsiaryna/Documents/meds/ai_challenge/edu-ai-challenge-2025/7/src/Board.js","statementMap":{"0":{"start":{"line":8,"column":4},"end":{"line":8,"column":21}},"1":{"start":{"line":9,"column":4},"end":{"line":9,"column":34}},"2":{"start":{"line":10,"column":4},"end":{"line":10,"column":20}},"3":{"start":{"line":11,"column":4},"end":{"line":11,"column":29}},"4":{"start":{"line":19,"column":4},"end":{"line":21,"column":6}},"5":{"start":{"line":20,"column":6},"end":{"line":20,"column":32}},"6":{"start":{"line":30,"column":22},"end":{"line":30,"column":23}},"7":{"start":{"line":31,"column":19},"end":{"line":31,"column":20}},"8":{"start":{"line":32,"column":24},"end":{"line":32,"column":28}},"9":{"start":{"line":34,"column":4},"end":{"line":45,"column":5}},"10":{"start":{"line":35,"column":6},"end":{"line":35,"column":17}},"11":{"start":{"line":36,"column":26},"end":{"line":36,"column":73}},"12":{"start":{"line":37,"column":37},"end":{"line":37,"column":89}},"13":{"start":{"line":39,"column":28},"end":{"line":39,"column":99}},"14":{"start":{"line":41,"column":6},"end":{"line":44,"column":7}},"15":{"start":{"line":42,"column":8},"end":{"line":42,"column":38}},"16":{"start":{"line":43,"column":8},"end":{"line":43,"column":22}},"17":{"start":{"line":47,"column":4},"end":{"line":49,"column":5}},"18":{"start":{"line":48,"column":6},"end":{"line":48,"column":112}},"19":{"start":{"line":59,"column":21},"end":{"line":61,"column":64}},"20":{"start":{"line":63,"column":21},"end":{"line":65,"column":45}},"21":{"start":{"line":67,"column":4},"end":{"line":67,"column":34}},"22":{"start":{"line":79,"column":22},"end":{"line":79,"column":24}},"23":{"start":{"line":80,"column":4},"end":{"line":84,"column":5}},"24":{"start":{"line":80,"column":17},"end":{"line":80,"column":18}},"25":{"start":{"line":81,"column":18},"end":{"line":81,"column":72}},"26":{"start":{"line":82,"column":18},"end":{"line":82,"column":72}},"27":{"start":{"line":83,"column":6},"end":{"line":83,"column":37}},"28":{"start":{"line":85,"column":4},"end":{"line":85,"column":21}},"29":{"start":{"line":94,"column":4},"end":{"line":97,"column":7}},"30":{"start":{"line":95,"column":25},"end":{"line":95,"column":55}},"31":{"start":{"line":96,"column":6},"end":{"line":96,"column":77}},"32":{"start":{"line":105,"column":17},"end":{"line":105,"column":36}},"33":{"start":{"line":106,"column":4},"end":{"line":106,"column":26}},"34":{"start":{"line":109,"column":4},"end":{"line":112,"column":7}},"35":{"start":{"line":110,"column":25},"end":{"line":110,"column":55}},"36":{"start":{"line":111,"column":6},"end":{"line":111,"column":32}},"37":{"start":{"line":121,"column":4},"end":{"line":123,"column":5}},"38":{"start":{"line":122,"column":6},"end":{"line":122,"column":63}},"39":{"start":{"line":125,"column":4},"end":{"line":125,"column":33}},"40":{"start":{"line":126,"column":23},"end":{"line":126,"column":55}},"41":{"start":{"line":129,"column":4},"end":{"line":139,"column":5}},"42":{"start":{"line":130,"column":6},"end":{"line":138,"column":7}},"43":{"start":{"line":131,"column":8},"end":{"line":131,"column":34}},"44":{"start":{"line":132,"column":8},"end":{"line":137,"column":10}},"45":{"start":{"line":142,"column":4},"end":{"line":142,"column":30}},"46":{"start":{"line":143,"column":4},"end":{"line":143,"column":62}},"47":{"start":{"line":152,"column":4},"end":{"line":154,"column":5}},"48":{"start":{"line":153,"column":6},"end":{"line":153,"column":51}},"49":{"start":{"line":155,"column":4},"end":{"line":155,"column":62}},"50":{"start":{"line":165,"column":4},"end":{"line":165,"column":70}},"51":{"start":{"line":173,"column":4},"end":{"line":173,"column":42}},"52":{"start":{"line":173,"column":32},"end":{"line":173,"column":40}},"53":{"start":{"line":181,"column":4},"end":{"line":181,"column":27}},"54":{"start":{"line":189,"column":4},"end":{"line":189,"column":76}},"55":{"start":{"line":189,"column":61},"end":{"line":189,"column":74}},"56":{"start":{"line":197,"column":4},"end":{"line":197,"column":60}},"57":{"start":{"line":197,"column":37},"end":{"line":197,"column":51}},"58":{"start":{"line":206,"column":4},"end":{"line":206,"column":40}}},"fnMap":{"0":{"name":"(anonymous_0)","decl":{"start":{"line":7,"column":2},"end":{"line":7,"column":3}},"loc":{"start":{"line":7,"column":25},"end":{"line":12,"column":3}},"line":7},"1":{"name":"(anonymous_1)","decl":{"start":{"line":18,"column":2},"end":{"line":18,"column":3}},"loc":{"start":{"line":18,"column":15},"end":{"line":22,"column":3}},"line":18},"2":{"name":"(anonymous_2)","decl":{"start":{"line":19,"column":43},"end":{"line":19,"column":44}},"loc":{"start":{"line":20,"column":6},"end":{"line":20,"column":32}},"line":20},"3":{"name":"(anonymous_3)","decl":{"start":{"line":29,"column":2},"end":{"line":29,"column":3}},"loc":{"start":{"line":29,"column":43},"end":{"line":50,"column":3}},"line":29},"4":{"name":"(anonymous_4)","decl":{"start":{"line":58,"column":2},"end":{"line":58,"column":3}},"loc":{"start":{"line":58,"column":50},"end":{"line":68,"column":3}},"line":58},"5":{"name":"(anonymous_5)","decl":{"start":{"line":78,"column":2},"end":{"line":78,"column":3}},"loc":{"start":{"line":78,"column":69},"end":{"line":86,"column":3}},"line":78},"6":{"name":"(anonymous_6)","decl":{"start":{"line":93,"column":2},"end":{"line":93,"column":3}},"loc":{"start":{"line":93,"column":26},"end":{"line":98,"column":3}},"line":93},"7":{"name":"(anonymous_7)","decl":{"start":{"line":94,"column":27},"end":{"line":94,"column":28}},"loc":{"start":{"line":94,"column":39},"end":{"line":97,"column":5}},"line":94},"8":{"name":"(anonymous_8)","decl":{"start":{"line":104,"column":2},"end":{"line":104,"column":3}},"loc":{"start":{"line":104,"column":23},"end":{"line":113,"column":3}},"line":104},"9":{"name":"(anonymous_9)","decl":{"start":{"line":109,"column":22},"end":{"line":109,"column":23}},"loc":{"start":{"line":109,"column":34},"end":{"line":112,"column":5}},"line":109},"10":{"name":"(anonymous_10)","decl":{"start":{"line":120,"column":2},"end":{"line":120,"column":3}},"loc":{"start":{"line":120,"column":27},"end":{"line":144,"column":3}},"line":120},"11":{"name":"(anonymous_11)","decl":{"start":{"line":151,"column":2},"end":{"line":151,"column":3}},"loc":{"start":{"line":151,"column":30},"end":{"line":156,"column":3}},"line":151},"12":{"name":"(anonymous_12)","decl":{"start":{"line":164,"column":2},"end":{"line":164,"column":3}},"loc":{"start":{"line":164,"column":30},"end":{"line":166,"column":3}},"line":164},"13":{"name":"(anonymous_13)","decl":{"start":{"line":172,"column":2},"end":{"line":172,"column":3}},"loc":{"start":{"line":172,"column":12},"end":{"line":174,"column":3}},"line":172},"14":{"name":"(anonymous_14)","decl":{"start":{"line":173,"column":25},"end":{"line":173,"column":26}},"loc":{"start":{"line":173,"column":32},"end":{"line":173,"column":40}},"line":173},"15":{"name":"(anonymous_15)","decl":{"start":{"line":180,"column":2},"end":{"line":180,"column":3}},"loc":{"start":{"line":180,"column":13},"end":{"line":182,"column":3}},"line":180},"16":{"name":"(anonymous_16)","decl":{"start":{"line":188,"column":2},"end":{"line":188,"column":3}},"loc":{"start":{"line":188,"column":17},"end":{"line":190,"column":3}},"line":188},"17":{"name":"(anonymous_17)","decl":{"start":{"line":189,"column":53},"end":{"line":189,"column":54}},"loc":{"start":{"line":189,"column":61},"end":{"line":189,"column":74}},"line":189},"18":{"name":"(anonymous_18)","decl":{"start":{"line":196,"column":2},"end":{"line":196,"column":3}},"loc":{"start":{"line":196,"column":27},"end":{"line":198,"column":3}},"line":196},"19":{"name":"(anonymous_19)","decl":{"start":{"line":197,"column":29},"end":{"line":197,"column":30}},"loc":{"start":{"line":197,"column":37},"end":{"line":197,"column":51}},"line":197},"20":{"name":"(anonymous_20)","decl":{"start":{"line":205,"column":2},"end":{"line":205,"column":3}},"loc":{"start":{"line":205,"column":29},"end":{"line":207,"column":3}},"line":205}},"branchMap":{"0":{"loc":{"start":{"line":7,"column":14},"end":{"line":7,"column":23}},"type":"default-arg","locations":[{"start":{"line":7,"column":21},"end":{"line":7,"column":23}}],"line":7},"1":{"loc":{"start":{"line":34,"column":11},"end":{"line":34,"column":59}},"type":"binary-expr","locations":[{"start":{"line":34,"column":11},"end":{"line":34,"column":33}},{"start":{"line":34,"column":37},"end":{"line":34,"column":59}}],"line":34},"2":{"loc":{"start":{"line":36,"column":26},"end":{"line":36,"column":73}},"type":"cond-expr","locations":[{"start":{"line":36,"column":48},"end":{"line":36,"column":60}},{"start":{"line":36,"column":63},"end":{"line":36,"column":73}}],"line":36},"3":{"loc":{"start":{"line":41,"column":6},"end":{"line":44,"column":7}},"type":"if","locations":[{"start":{"line":41,"column":6},"end":{"line":44,"column":7}},{"start":{},"end":{}}],"line":41},"4":{"loc":{"start":{"line":47,"column":4},"end":{"line":49,"column":5}},"type":"if","locations":[{"start":{"line":47,"column":4},"end":{"line":49,"column":5}},{"start":{},"end":{}}],"line":47},"5":{"loc":{"start":{"line":59,"column":21},"end":{"line":61,"column":64}},"type":"cond-expr","locations":[{"start":{"line":60,"column":8},"end":{"line":60,"column":45}},{"start":{"line":61,"column":8},"end":{"line":61,"column":64}}],"line":59},"6":{"loc":{"start":{"line":63,"column":21},"end":{"line":65,"column":45}},"type":"cond-expr","locations":[{"start":{"line":64,"column":8},"end":{"line":64,"column":64}},{"start":{"line":65,"column":8},"end":{"line":65,"column":45}}],"line":63},"7":{"loc":{"start":{"line":81,"column":18},"end":{"line":81,"column":72}},"type":"cond-expr","locations":[{"start":{"line":81,"column":49},"end":{"line":81,"column":57}},{"start":{"line":81,"column":60},"end":{"line":81,"column":72}}],"line":81},"8":{"loc":{"start":{"line":82,"column":18},"end":{"line":82,"column":72}},"type":"cond-expr","locations":[{"start":{"line":82,"column":49},"end":{"line":82,"column":61}},{"start":{"line":82,"column":64},"end":{"line":82,"column":72}}],"line":82},"9":{"loc":{"start":{"line":96,"column":13},"end":{"line":96,"column":76}},"type":"binary-expr","locations":[{"start":{"line":96,"column":13},"end":{"line":96,"column":45}},{"start":{"line":96,"column":49},"end":{"line":96,"column":76}}],"line":96},"10":{"loc":{"start":{"line":121,"column":4},"end":{"line":123,"column":5}},"type":"if","locations":[{"start":{"line":121,"column":4},"end":{"line":123,"column":5}},{"start":{},"end":{}}],"line":121},"11":{"loc":{"start":{"line":130,"column":6},"end":{"line":138,"column":7}},"type":"if","locations":[{"start":{"line":130,"column":6},"end":{"line":138,"column":7}},{"start":{},"end":{}}],"line":130},"12":{"loc":{"start":{"line":152,"column":4},"end":{"line":154,"column":5}},"type":"if","locations":[{"start":{"line":152,"column":4},"end":{"line":154,"column":5}},{"start":{},"end":{}}],"line":152},"13":{"loc":{"start":{"line":165,"column":11},"end":{"line":165,"column":69}},"type":"binary-expr","locations":[{"start":{"line":165,"column":11},"end":{"line":165,"column":19}},{"start":{"line":165,"column":23},"end":{"line":165,"column":38}},{"start":{"line":165,"column":42},"end":{"line":165,"column":50}},{"start":{"line":165,"column":54},"end":{"line":165,"column":69}}],"line":165},"14":{"loc":{"start":{"line":189,"column":11},"end":{"line":189,"column":75}},"type":"binary-expr","locations":[{"start":{"line":189,"column":11},"end":{"line":189,"column":32}},{"start":{"line":189,"column":36},"end":{"line":189,"column":75}}],"line":189}},"s":{"0":272,"1":272,"2":272,"3":272,"4":273,"5":2713,"6":31,"7":31,"8":31,"9":31,"10":1127,"11":1127,"12":1127,"13":1127,"14":1127,"15":82,"16":82,"17":31,"18":1,"19":1129,"20":1129,"21":1129,"22":1129,"23":1129,"24":1129,"25":3468,"26":3468,"27":3468,"28":1129,"29":1131,"30":1331,"31":1330,"32":102,"33":102,"34":102,"35":294,"36":294,"37":24,"38":1,"39":23,"40":23,"41":23,"42":23,"43":15,"44":15,"45":8,"46":8,"47":1782,"48":4,"49":1778,"50":1381,"51":150,"52":1495,"53":16,"54":14,"55":18,"56":22,"57":43,"58":71},"f":{"0":272,"1":273,"2":2713,"3":31,"4":1129,"5":1129,"6":1131,"7":1331,"8":102,"9":294,"10":24,"11":1782,"12":1381,"13":150,"14":1495,"15":16,"16":14,"17":18,"18":22,"19":43,"20":71},"b":{"0":[175],"1":[1158,1128],"2":[566,561],"3":[82,1045],"4":[1,30],"5":[567,562],"6":[567,562],"7":[1738,1730],"8":[1738,1730],"9":[1330,1329],"10":[1,23],"11":[15,8],"12":[4,1778],"13":[1381,1378,1375,1371],"14":[14,13]},"_coverageSchema":"1a1c01bbd47fc00a2c39e90264f33305004495a9","hash":"06cefbbd694213b4e83f54d039bef63951844b02"}
,"/home/katsiaryna/Documents/meds/ai_challenge/edu-ai-challenge-2025/7/src/Display.js": {"path":"/home/katsiaryna/Documents/meds/ai_challenge/edu-ai-challenge-2025/7/src/Display.js","statementMap":{"0":{"start":{"line":6,"column":4},"end":{"line":6,"column":24}},"1":{"start":{"line":15,"column":4},"end":{"line":15,"column":75}},"2":{"start":{"line":18,"column":19},"end":{"line":18,"column":40}},"3":{"start":{"line":19,"column":4},"end":{"line":19,"column":43}},"4":{"start":{"line":22,"column":4},"end":{"line":26,"column":5}},"5":{"start":{"line":22,"column":17},"end":{"line":22,"column":18}},"6":{"start":{"line":23,"column":26},"end":{"line":23,"column":70}},"7":{"start":{"line":24,"column":24},"end":{"line":24,"column":66}},"8":{"start":{"line":25,"column":6},"end":{"line":25,"column":52}},"9":{"start":{"line":27,"column":4},"end":{"line":27,"column":18}},"10":{"start":{"line":35,"column":17},"end":{"line":35,"column":21}},"11":{"start":{"line":36,"column":4},"end":{"line":38,"column":5}},"12":{"start":{"line":36,"column":19},"end":{"line":36,"column":20}},"13":{"start":{"line":37,"column":6},"end":{"line":37,"column":26}},"14":{"start":{"line":39,"column":4},"end":{"line":39,"column":18}},"15":{"start":{"line":49,"column":14},"end":{"line":49,"column":28}},"16":{"start":{"line":50,"column":4},"end":{"line":52,"column":5}},"17":{"start":{"line":50,"column":19},"end":{"line":50,"column":20}},"18":{"start":{"line":51,"column":6},"end":{"line":51,"column":39}},"19":{"start":{"line":53,"column":4},"end":{"line":53,"column":15}},"20":{"start":{"line":60,"column":4},"end":{"line":60,"column":44}},"21":{"start":{"line":61,"column":4},"end":{"line":61,"column":42}},"22":{"start":{"line":62,"column":4},"end":{"line":62,"column":71}},"23":{"start":{"line":63,"column":4},"end":{"line":63,"column":29}},"24":{"start":{"line":64,"column":4},"end":{"line":64,"column":39}},"25":{"start":{"line":65,"column":4},"end":{"line":65,"column":34}},"26":{"start":{"line":66,"column":4},"end":{"line":66,"column":27}},"27":{"start":{"line":67,"column":4},"end":{"line":67,"column":28}},"28":{"start":{"line":68,"column":4},"end":{"line":68,"column":18}},"29":{"start":{"line":77,"column":4},"end":{"line":77,"column":88}},"30":{"start":{"line":78,"column":4},"end":{"line":78,"column":45}},"31":{"start":{"line":85,"column":4},"end":{"line":85,"column":78}},"32":{"start":{"line":92,"column":4},"end":{"line":92,"column":40}},"33":{"start":{"line":101,"column":4},"end":{"line":104,"column":5}},"34":{"start":{"line":102,"column":6},"end":{"line":102,"column":56}},"35":{"start":{"line":103,"column":6},"end":{"line":103,"column":13}},"36":{"start":{"line":106,"column":4},"end":{"line":114,"column":5}},"37":{"start":{"line":107,"column":6},"end":{"line":111,"column":7}},"38":{"start":{"line":108,"column":8},"end":{"line":108,"column":81}},"39":{"start":{"line":110,"column":8},"end":{"line":110,"column":48}},"40":{"start":{"line":113,"column":6},"end":{"line":113,"column":47}},"41":{"start":{"line":124,"column":21},"end":{"line":124,"column":70}},"42":{"start":{"line":126,"column":4},"end":{"line":134,"column":5}},"43":{"start":{"line":127,"column":6},"end":{"line":131,"column":7}},"44":{"start":{"line":128,"column":8},"end":{"line":128,"column":92}},"45":{"start":{"line":130,"column":8},"end":{"line":130,"column":63}},"46":{"start":{"line":133,"column":6},"end":{"line":133,"column":62}},"47":{"start":{"line":144,"column":4},"end":{"line":144,"column":39}},"48":{"start":{"line":146,"column":4},"end":{"line":152,"column":5}},"49":{"start":{"line":147,"column":6},"end":{"line":147,"column":53}},"50":{"start":{"line":148,"column":6},"end":{"line":148,"column":66}},"51":{"start":{"line":150,"column":6},"end":{"line":150,"column":48}},"52":{"start":{"line":151,"column":6},"end":{"line":151,"column":56}},"53":{"start":{"line":154,"column":4},"end":{"line":154,"column":34}},"54":{"start":{"line":155,"column":4},"end":{"line":155,"column":58}},"55":{"start":{"line":156,"column":4},"end":{"line":156,"column":52}},"56":{"start":{"line":157,"column":4},"end":{"line":157,"column":32}},"57":{"start":{"line":165,"column":4},"end":{"line":165,"column":39}},"58":{"start":{"line":174,"column":4},"end":{"line":174,"column":100}},"59":{"start":{"line":182,"column":4},"end":{"line":182,"column":25}},"60":{"start":{"line":190,"column":4},"end":{"line":192,"column":5}},"61":{"start":{"line":191,"column":6},"end":{"line":191,"column":22}},"62":{"start":{"line":200,"column":4},"end":{"line":202,"column":5}},"63":{"start":{"line":200,"column":17},"end":{"line":200,"column":18}},"64":{"start":{"line":201,"column":6},"end":{"line":201,"column":20}}},"fnMap":{"0":{"name":"(anonymous_0)","decl":{"start":{"line":5,"column":2},"end":{"line":5,"column":3}},"loc":{"start":{"line":5,"column":16},"end":{"line":7,"column":3}},"line":5},"1":{"name":"(anonymous_1)","decl":{"start":{"line":14,"column":2},"end":{"line":14,"column":3}},"loc":{"start":{"line":14,"column":41},"end":{"line":28,"column":3}},"line":14},"2":{"name":"(anonymous_2)","decl":{"start":{"line":34,"column":2},"end":{"line":34,"column":3}},"loc":{"start":{"line":34,"column":19},"end":{"line":40,"column":3}},"line":34},"3":{"name":"(anonymous_3)","decl":{"start":{"line":48,"column":2},"end":{"line":48,"column":3}},"loc":{"start":{"line":48,"column":30},"end":{"line":54,"column":3}},"line":48},"4":{"name":"(anonymous_4)","decl":{"start":{"line":59,"column":2},"end":{"line":59,"column":3}},"loc":{"start":{"line":59,"column":16},"end":{"line":69,"column":3}},"line":59},"5":{"name":"(anonymous_5)","decl":{"start":{"line":76,"column":2},"end":{"line":76,"column":3}},"loc":{"start":{"line":76,"column":38},"end":{"line":79,"column":3}},"line":76},"6":{"name":"(anonymous_6)","decl":{"start":{"line":84,"column":2},"end":{"line":84,"column":3}},"loc":{"start":{"line":84,"column":25},"end":{"line":86,"column":3}},"line":84},"7":{"name":"(anonymous_7)","decl":{"start":{"line":91,"column":2},"end":{"line":91,"column":3}},"loc":{"start":{"line":91,"column":16},"end":{"line":93,"column":3}},"line":91},"8":{"name":"(anonymous_8)","decl":{"start":{"line":100,"column":2},"end":{"line":100,"column":3}},"loc":{"start":{"line":100,"column":44},"end":{"line":115,"column":3}},"line":100},"9":{"name":"(anonymous_9)","decl":{"start":{"line":123,"column":2},"end":{"line":123,"column":3}},"loc":{"start":{"line":123,"column":47},"end":{"line":135,"column":3}},"line":123},"10":{"name":"(anonymous_10)","decl":{"start":{"line":143,"column":2},"end":{"line":143,"column":3}},"loc":{"start":{"line":143,"column":49},"end":{"line":158,"column":3}},"line":143},"11":{"name":"(anonymous_11)","decl":{"start":{"line":164,"column":2},"end":{"line":164,"column":3}},"loc":{"start":{"line":164,"column":21},"end":{"line":166,"column":3}},"line":164},"12":{"name":"(anonymous_12)","decl":{"start":{"line":173,"column":2},"end":{"line":173,"column":3}},"loc":{"start":{"line":173,"column":40},"end":{"line":175,"column":3}},"line":173},"13":{"name":"(anonymous_13)","decl":{"start":{"line":181,"column":2},"end":{"line":181,"column":3}},"loc":{"start":{"line":181,"column":23},"end":{"line":183,"column":3}},"line":181},"14":{"name":"(anonymous_14)","decl":{"start":{"line":188,"column":2},"end":{"line":188,"column":3}},"loc":{"start":{"line":188,"column":16},"end":{"line":193,"column":3}},"line":188},"15":{"name":"(anonymous_15)","decl":{"start":{"line":199,"column":2},"end":{"line":199,"column":3}},"loc":{"start":{"line":199,"column":24},"end":{"line":203,"column":3}},"line":199}},"branchMap":{"0":{"loc":{"start":{"line":101,"column":4},"end":{"line":104,"column":5}},"type":"if","locations":[{"start":{"line":101,"column":4},"end":{"line":104,"column":5}},{"start":{},"end":{}}],"line":101},"1":{"loc":{"start":{"line":106,"column":4},"end":{"line":114,"column":5}},"type":"if","locations":[{"start":{"line":106,"column":4},"end":{"line":114,"column":5}},{"start":{"line":112,"column":11},"end":{"line":114,"column":5}}],"line":106},"2":{"loc":{"start":{"line":107,"column":6},"end":{"line":111,"column":7}},"type":"if","locations":[{"start":{"line":107,"column":6},"end":{"line":111,"column":7}},{"start":{"line":109,"column":13},"end":{"line":111,"column":7}}],"line":107},"3":{"loc":{"start":{"line":124,"column":21},"end":{"line":124,"column":70}},"type":"cond-expr","locations":[{"start":{"line":124,"column":41},"end":{"line":124,"column":55}},{"start":{"line":124,"column":58},"end":{"line":124,"column":70}}],"line":124},"4":{"loc":{"start":{"line":126,"column":4},"end":{"line":134,"column":5}},"type":"if","locations":[{"start":{"line":126,"column":4},"end":{"line":134,"column":5}},{"start":{"line":132,"column":11},"end":{"line":134,"column":5}}],"line":126},"5":{"loc":{"start":{"line":127,"column":6},"end":{"line":131,"column":7}},"type":"if","locations":[{"start":{"line":127,"column":6},"end":{"line":131,"column":7}},{"start":{"line":129,"column":13},"end":{"line":131,"column":7}}],"line":127},"6":{"loc":{"start":{"line":146,"column":4},"end":{"line":152,"column":5}},"type":"if","locations":[{"start":{"line":146,"column":4},"end":{"line":152,"column":5}},{"start":{"line":149,"column":11},"end":{"line":152,"column":5}}],"line":146},"7":{"loc":{"start":{"line":190,"column":4},"end":{"line":192,"column":5}},"type":"if","locations":[{"start":{"line":190,"column":4},"end":{"line":192,"column":5}},{"start":{},"end":{}}],"line":190},"8":{"loc":{"start":{"line":199,"column":13},"end":{"line":199,"column":22}},"type":"default-arg","locations":[{"start":{"line":199,"column":21},"end":{"line":199,"column":22}}],"line":199}},"s":{"0":55,"1":7,"2":7,"3":7,"4":7,"5":7,"6":70,"7":70,"8":70,"9":7,"10":8,"11":8,"12":8,"13":80,"14":8,"15":142,"16":142,"17":142,"18":1420,"19":142,"20":1,"21":1,"22":1,"23":1,"24":1,"25":1,"26":1,"27":1,"28":1,"29":1,"30":1,"31":1,"32":4,"33":4,"34":1,"35":1,"36":3,"37":2,"38":1,"39":1,"40":1,"41":7,"42":7,"43":3,"44":1,"45":2,"46":4,"47":5,"48":5,"49":3,"50":3,"51":2,"52":2,"53":5,"54":5,"55":5,"56":5,"57":1,"58":1,"59":13,"60":2,"61":1,"62":2,"63":2,"64":4},"f":{"0":55,"1":7,"2":8,"3":142,"4":1,"5":1,"6":1,"7":4,"8":4,"9":7,"10":5,"11":1,"12":1,"13":13,"14":2,"15":2},"b":{"0":[1,3],"1":[2,1],"2":[1,1],"3":[3,4],"4":[3,4],"5":[1,2],"6":[3,2],"7":[1,1],"8":[1]},"_coverageSchema":"1a1c01bbd47fc00a2c39e90264f33305004495a9","hash":"1f362f655aa33ec5d58a1c830621c87ae1fd6480"}
,"/home/katsiaryna/Documents/meds/ai_challenge/edu-ai-challenge-2025/7/src/Game.js": {"path":"/home/katsiaryna/Documents/meds/ai_challenge/edu-ai-challenge-2025/7/src/Game.js","statementMap":{"0":{"start":{"line":10,"column":4},"end":{"line":10,"column":45}},"1":{"start":{"line":11,"column":4},"end":{"line":11,"column":42}},"2":{"start":{"line":12,"column":4},"end":{"line":12,"column":46}},"3":{"start":{"line":14,"column":4},"end":{"line":14,"column":49}},"4":{"start":{"line":15,"column":4},"end":{"line":15,"column":42}},"5":{"start":{"line":16,"column":4},"end":{"line":16,"column":33}},"6":{"start":{"line":17,"column":4},"end":{"line":17,"column":26}},"7":{"start":{"line":20,"column":4},"end":{"line":23,"column":7}},"8":{"start":{"line":30,"column":4},"end":{"line":44,"column":5}},"9":{"start":{"line":31,"column":6},"end":{"line":31,"column":33}},"10":{"start":{"line":32,"column":6},"end":{"line":32,"column":65}},"11":{"start":{"line":35,"column":6},"end":{"line":35,"column":26}},"12":{"start":{"line":38,"column":6},"end":{"line":38,"column":28}},"13":{"start":{"line":41,"column":6},"end":{"line":41,"column":77}},"14":{"start":{"line":43,"column":6},"end":{"line":43,"column":22}},"15":{"start":{"line":51,"column":4},"end":{"line":57,"column":5}},"16":{"start":{"line":52,"column":6},"end":{"line":52,"column":66}},"17":{"start":{"line":53,"column":6},"end":{"line":53,"column":64}},"18":{"start":{"line":54,"column":6},"end":{"line":54,"column":61}},"19":{"start":{"line":56,"column":6},"end":{"line":56,"column":73}},"20":{"start":{"line":64,"column":4},"end":{"line":96,"column":5}},"21":{"start":{"line":66,"column":6},"end":{"line":68,"column":7}},"22":{"start":{"line":67,"column":8},"end":{"line":67,"column":14}},"23":{"start":{"line":71,"column":6},"end":{"line":74,"column":8}},"24":{"start":{"line":77,"column":34},"end":{"line":77,"column":63}},"25":{"start":{"line":79,"column":6},"end":{"line":81,"column":7}},"26":{"start":{"line":80,"column":8},"end":{"line":80,"column":17}},"27":{"start":{"line":84,"column":6},"end":{"line":86,"column":7}},"28":{"start":{"line":85,"column":8},"end":{"line":85,"column":14}},"29":{"start":{"line":89,"column":6},"end":{"line":89,"column":27}},"30":{"start":{"line":92,"column":6},"end":{"line":95,"column":8}},"31":{"start":{"line":98,"column":4},"end":{"line":98,"column":19}},"32":{"start":{"line":106,"column":4},"end":{"line":129,"column":7}},"33":{"start":{"line":107,"column":6},"end":{"line":107,"column":42}},"34":{"start":{"line":109,"column":6},"end":{"line":128,"column":9}},"35":{"start":{"line":110,"column":27},"end":{"line":110,"column":72}},"36":{"start":{"line":112,"column":8},"end":{"line":116,"column":9}},"37":{"start":{"line":113,"column":10},"end":{"line":113,"column":51}},"38":{"start":{"line":114,"column":10},"end":{"line":114,"column":25}},"39":{"start":{"line":115,"column":10},"end":{"line":115,"column":17}},"40":{"start":{"line":119,"column":23},"end":{"line":119,"column":73}},"41":{"start":{"line":122,"column":8},"end":{"line":122,"column":80}},"42":{"start":{"line":125,"column":8},"end":{"line":125,"column":74}},"43":{"start":{"line":127,"column":8},"end":{"line":127,"column":22}},"44":{"start":{"line":136,"column":4},"end":{"line":136,"column":31}},"45":{"start":{"line":139,"column":21},"end":{"line":139,"column":51}},"46":{"start":{"line":142,"column":19},"end":{"line":142,"column":58}},"47":{"start":{"line":145,"column":4},"end":{"line":145,"column":56}},"48":{"start":{"line":148,"column":4},"end":{"line":148,"column":80}},"49":{"start":{"line":156,"column":4},"end":{"line":159,"column":5}},"50":{"start":{"line":157,"column":6},"end":{"line":157,"column":27}},"51":{"start":{"line":158,"column":6},"end":{"line":158,"column":18}},"52":{"start":{"line":160,"column":4},"end":{"line":160,"column":17}},"53":{"start":{"line":167,"column":22},"end":{"line":167,"column":49}},"54":{"start":{"line":170,"column":4},"end":{"line":173,"column":6}},"55":{"start":{"line":176,"column":4},"end":{"line":180,"column":6}},"56":{"start":{"line":188,"column":4},"end":{"line":192,"column":6}},"57":{"start":{"line":200,"column":4},"end":{"line":205,"column":6}},"58":{"start":{"line":212,"column":4},"end":{"line":212,"column":25}},"59":{"start":{"line":213,"column":4},"end":{"line":213,"column":20}}},"fnMap":{"0":{"name":"(anonymous_0)","decl":{"start":{"line":9,"column":2},"end":{"line":9,"column":3}},"loc":{"start":{"line":9,"column":28},"end":{"line":24,"column":3}},"line":9},"1":{"name":"(anonymous_1)","decl":{"start":{"line":29,"column":2},"end":{"line":29,"column":3}},"loc":{"start":{"line":29,"column":20},"end":{"line":45,"column":3}},"line":29},"2":{"name":"(anonymous_2)","decl":{"start":{"line":50,"column":2},"end":{"line":50,"column":3}},"loc":{"start":{"line":50,"column":17},"end":{"line":58,"column":3}},"line":50},"3":{"name":"(anonymous_3)","decl":{"start":{"line":63,"column":2},"end":{"line":63,"column":3}},"loc":{"start":{"line":63,"column":19},"end":{"line":99,"column":3}},"line":63},"4":{"name":"(anonymous_4)","decl":{"start":{"line":105,"column":2},"end":{"line":105,"column":3}},"loc":{"start":{"line":105,"column":27},"end":{"line":130,"column":3}},"line":105},"5":{"name":"(anonymous_5)","decl":{"start":{"line":106,"column":23},"end":{"line":106,"column":24}},"loc":{"start":{"line":106,"column":36},"end":{"line":129,"column":5}},"line":106},"6":{"name":"(anonymous_6)","decl":{"start":{"line":109,"column":29},"end":{"line":109,"column":30}},"loc":{"start":{"line":109,"column":40},"end":{"line":128,"column":7}},"line":109},"7":{"name":"(anonymous_7)","decl":{"start":{"line":135,"column":2},"end":{"line":135,"column":3}},"loc":{"start":{"line":135,"column":18},"end":{"line":149,"column":3}},"line":135},"8":{"name":"(anonymous_8)","decl":{"start":{"line":155,"column":2},"end":{"line":155,"column":3}},"loc":{"start":{"line":155,"column":18},"end":{"line":161,"column":3}},"line":155},"9":{"name":"(anonymous_9)","decl":{"start":{"line":166,"column":2},"end":{"line":166,"column":3}},"loc":{"start":{"line":166,"column":12},"end":{"line":181,"column":3}},"line":166},"10":{"name":"(anonymous_10)","decl":{"start":{"line":187,"column":2},"end":{"line":187,"column":3}},"loc":{"start":{"line":187,"column":14},"end":{"line":193,"column":3}},"line":187},"11":{"name":"(anonymous_11)","decl":{"start":{"line":199,"column":2},"end":{"line":199,"column":3}},"loc":{"start":{"line":199,"column":17},"end":{"line":206,"column":3}},"line":199},"12":{"name":"(anonymous_12)","decl":{"start":{"line":211,"column":2},"end":{"line":211,"column":3}},"loc":{"start":{"line":211,"column":13},"end":{"line":214,"column":3}},"line":211}},"branchMap":{"0":{"loc":{"start":{"line":9,"column":14},"end":{"line":9,"column":26}},"type":"default-arg","locations":[{"start":{"line":9,"column":24},"end":{"line":9,"column":26}}],"line":9},"1":{"loc":{"start":{"line":10,"column":21},"end":{"line":10,"column":44}},"type":"binary-expr","locations":[{"start":{"line":10,"column":21},"end":{"line":10,"column":38}},{"start":{"line":10,"column":42},"end":{"line":10,"column":44}}],"line":10},"2":{"loc":{"start":{"line":11,"column":20},"end":{"line":11,"column":41}},"type":"binary-expr","locations":[{"start":{"line":11,"column":20},"end":{"line":11,"column":36}},{"start":{"line":11,"column":40},"end":{"line":11,"column":41}}],"line":11},"3":{"loc":{"start":{"line":12,"column":22},"end":{"line":12,"column":45}},"type":"binary-expr","locations":[{"start":{"line":12,"column":22},"end":{"line":12,"column":40}},{"start":{"line":12,"column":44},"end":{"line":12,"column":45}}],"line":12},"4":{"loc":{"start":{"line":66,"column":6},"end":{"line":68,"column":7}},"type":"if","locations":[{"start":{"line":66,"column":6},"end":{"line":68,"column":7}},{"start":{},"end":{}}],"line":66},"5":{"loc":{"start":{"line":79,"column":6},"end":{"line":81,"column":7}},"type":"if","locations":[{"start":{"line":79,"column":6},"end":{"line":81,"column":7}},{"start":{},"end":{}}],"line":79},"6":{"loc":{"start":{"line":84,"column":6},"end":{"line":86,"column":7}},"type":"if","locations":[{"start":{"line":84,"column":6},"end":{"line":86,"column":7}},{"start":{},"end":{}}],"line":84},"7":{"loc":{"start":{"line":112,"column":8},"end":{"line":116,"column":9}},"type":"if","locations":[{"start":{"line":112,"column":8},"end":{"line":116,"column":9}},{"start":{},"end":{}}],"line":112},"8":{"loc":{"start":{"line":156,"column":4},"end":{"line":159,"column":5}},"type":"if","locations":[{"start":{"line":156,"column":4},"end":{"line":159,"column":5}},{"start":{},"end":{}}],"line":156},"9":{"loc":{"start":{"line":156,"column":8},"end":{"line":156,"column":68}},"type":"binary-expr","locations":[{"start":{"line":156,"column":8},"end":{"line":156,"column":35}},{"start":{"line":156,"column":39},"end":{"line":156,"column":68}}],"line":156}},"s":{"0":26,"1":26,"2":26,"3":26,"4":26,"5":26,"6":26,"7":26,"8":0,"9":0,"10":0,"11":0,"12":0,"13":0,"14":0,"15":12,"16":12,"17":12,"18":12,"19":0,"20":0,"21":0,"22":0,"23":0,"24":0,"25":0,"26":0,"27":0,"28":0,"29":0,"30":0,"31":0,"32":0,"33":0,"34":0,"35":0,"36":0,"37":0,"38":0,"39":0,"40":0,"41":0,"42":0,"43":0,"44":3,"45":3,"46":3,"47":3,"48":3,"49":4,"50":3,"51":3,"52":1,"53":3,"54":3,"55":3,"56":8,"57":6,"58":25,"59":25},"f":{"0":26,"1":0,"2":12,"3":0,"4":0,"5":0,"6":0,"7":3,"8":4,"9":3,"10":8,"11":6,"12":25},"b":{"0":[1],"1":[26,1],"2":[26,2],"3":[26,2],"4":[0,0],"5":[0,0],"6":[0,0],"7":[0,0],"8":[3,1],"9":[4,2]},"_coverageSchema":"1a1c01bbd47fc00a2c39e90264f33305004495a9","hash":"e7ea057c8355242b519d2f7aa5b676b9d8a5ab6a"}
,"/home/katsiaryna/Documents/meds/ai_challenge/edu-ai-challenge-2025/7/src/Player.js": {"path":"/home/katsiaryna/Documents/meds/ai_challenge/edu-ai-challenge-2025/7/src/Player.js","statementMap":{"0":{"start":{"line":8,"column":4},"end":{"line":8,"column":21}},"1":{"start":{"line":9,"column":4},"end":{"line":9,"column":29}},"2":{"start":{"line":10,"column":4},"end":{"line":10,"column":37}},"3":{"start":{"line":19,"column":4},"end":{"line":19,"column":56}},"4":{"start":{"line":27,"column":4},"end":{"line":27,"column":22}},"5":{"start":{"line":35,"column":4},"end":{"line":35,"column":30}},"6":{"start":{"line":44,"column":4},"end":{"line":44,"column":47}},"7":{"start":{"line":52,"column":4},"end":{"line":52,"column":37}},"8":{"start":{"line":60,"column":4},"end":{"line":60,"column":47}},"9":{"start":{"line":69,"column":4},"end":{"line":69,"column":16}},"10":{"start":{"line":78,"column":4},"end":{"line":83,"column":5}},"11":{"start":{"line":79,"column":6},"end":{"line":82,"column":8}},"12":{"start":{"line":85,"column":16},"end":{"line":85,"column":34}},"13":{"start":{"line":86,"column":16},"end":{"line":86,"column":34}},"14":{"start":{"line":88,"column":4},"end":{"line":93,"column":5}},"15":{"start":{"line":89,"column":6},"end":{"line":92,"column":8}},"16":{"start":{"line":95,"column":4},"end":{"line":100,"column":5}},"17":{"start":{"line":96,"column":6},"end":{"line":99,"column":8}},"18":{"start":{"line":102,"column":4},"end":{"line":102,"column":48}},"19":{"start":{"line":111,"column":4},"end":{"line":111,"column":16}},"20":{"start":{"line":112,"column":4},"end":{"line":112,"column":23}},"21":{"start":{"line":113,"column":4},"end":{"line":113,"column":26}},"22":{"start":{"line":114,"column":4},"end":{"line":114,"column":24}},"23":{"start":{"line":124,"column":4},"end":{"line":141,"column":5}},"24":{"start":{"line":126,"column":6},"end":{"line":126,"column":44}},"25":{"start":{"line":129,"column":6},"end":{"line":131,"column":7}},"26":{"start":{"line":130,"column":8},"end":{"line":130,"column":46}},"27":{"start":{"line":133,"column":6},"end":{"line":136,"column":7}},"28":{"start":{"line":134,"column":8},"end":{"line":134,"column":27}},"29":{"start":{"line":135,"column":8},"end":{"line":135,"column":46}},"30":{"start":{"line":139,"column":6},"end":{"line":139,"column":25}},"31":{"start":{"line":140,"column":6},"end":{"line":140,"column":44}},"32":{"start":{"line":143,"column":4},"end":{"line":143,"column":22}},"33":{"start":{"line":152,"column":19},"end":{"line":152,"column":20}},"34":{"start":{"line":153,"column":24},"end":{"line":153,"column":27}},"35":{"start":{"line":155,"column":4},"end":{"line":160,"column":86}},"36":{"start":{"line":156,"column":18},"end":{"line":156,"column":48}},"37":{"start":{"line":157,"column":18},"end":{"line":157,"column":48}},"38":{"start":{"line":158,"column":6},"end":{"line":158,"column":34}},"39":{"start":{"line":159,"column":6},"end":{"line":159,"column":17}},"40":{"start":{"line":162,"column":4},"end":{"line":172,"column":5}},"41":{"start":{"line":164,"column":6},"end":{"line":171,"column":7}},"42":{"start":{"line":164,"column":21},"end":{"line":164,"column":22}},"43":{"start":{"line":165,"column":8},"end":{"line":170,"column":9}},"44":{"start":{"line":165,"column":23},"end":{"line":165,"column":24}},"45":{"start":{"line":166,"column":24},"end":{"line":166,"column":38}},"46":{"start":{"line":167,"column":10},"end":{"line":169,"column":11}},"47":{"start":{"line":168,"column":12},"end":{"line":168,"column":25}},"48":{"start":{"line":174,"column":4},"end":{"line":174,"column":22}},"49":{"start":{"line":184,"column":23},"end":{"line":184,"column":69}},"50":{"start":{"line":185,"column":4},"end":{"line":185,"column":47}},"51":{"start":{"line":187,"column":4},"end":{"line":207,"column":5}},"52":{"start":{"line":188,"column":6},"end":{"line":188,"column":46}},"53":{"start":{"line":189,"column":6},"end":{"line":189,"column":32}},"54":{"start":{"line":191,"column":6},"end":{"line":199,"column":7}},"55":{"start":{"line":193,"column":8},"end":{"line":193,"column":27}},"56":{"start":{"line":194,"column":8},"end":{"line":194,"column":30}},"57":{"start":{"line":197,"column":8},"end":{"line":197,"column":29}},"58":{"start":{"line":198,"column":8},"end":{"line":198,"column":44}},"59":{"start":{"line":201,"column":6},"end":{"line":201,"column":46}},"60":{"start":{"line":204,"column":6},"end":{"line":206,"column":7}},"61":{"start":{"line":205,"column":8},"end":{"line":205,"column":27}},"62":{"start":{"line":215,"column":23},"end":{"line":215,"column":69}},"63":{"start":{"line":216,"column":21},"end":{"line":221,"column":5}},"64":{"start":{"line":223,"column":4},"end":{"line":231,"column":7}},"65":{"start":{"line":224,"column":6},"end":{"line":230,"column":7}},"66":{"start":{"line":225,"column":30},"end":{"line":225,"column":40}},"67":{"start":{"line":226,"column":8},"end":{"line":229,"column":9}},"68":{"start":{"line":228,"column":10},"end":{"line":228,"column":47}},"69":{"start":{"line":239,"column":4},"end":{"line":239,"column":21}},"70":{"start":{"line":247,"column":4},"end":{"line":247,"column":35}}},"fnMap":{"0":{"name":"(anonymous_0)","decl":{"start":{"line":7,"column":2},"end":{"line":7,"column":3}},"loc":{"start":{"line":7,"column":20},"end":{"line":11,"column":3}},"line":7},"1":{"name":"(anonymous_1)","decl":{"start":{"line":18,"column":2},"end":{"line":18,"column":3}},"loc":{"start":{"line":18,"column":35},"end":{"line":20,"column":3}},"line":18},"2":{"name":"(anonymous_2)","decl":{"start":{"line":26,"column":2},"end":{"line":26,"column":3}},"loc":{"start":{"line":26,"column":13},"end":{"line":28,"column":3}},"line":26},"3":{"name":"(anonymous_3)","decl":{"start":{"line":34,"column":2},"end":{"line":34,"column":3}},"loc":{"start":{"line":34,"column":21},"end":{"line":36,"column":3}},"line":34},"4":{"name":"(anonymous_4)","decl":{"start":{"line":43,"column":2},"end":{"line":43,"column":3}},"loc":{"start":{"line":43,"column":27},"end":{"line":45,"column":3}},"line":43},"5":{"name":"(anonymous_5)","decl":{"start":{"line":51,"column":2},"end":{"line":51,"column":3}},"loc":{"start":{"line":51,"column":15},"end":{"line":53,"column":3}},"line":51},"6":{"name":"(anonymous_6)","decl":{"start":{"line":59,"column":2},"end":{"line":59,"column":3}},"loc":{"start":{"line":59,"column":22},"end":{"line":61,"column":3}},"line":59},"7":{"name":"(anonymous_7)","decl":{"start":{"line":68,"column":2},"end":{"line":68,"column":3}},"loc":{"start":{"line":68,"column":31},"end":{"line":70,"column":3}},"line":68},"8":{"name":"(anonymous_8)","decl":{"start":{"line":77,"column":2},"end":{"line":77,"column":3}},"loc":{"start":{"line":77,"column":23},"end":{"line":103,"column":3}},"line":77},"9":{"name":"(anonymous_9)","decl":{"start":{"line":110,"column":2},"end":{"line":110,"column":3}},"loc":{"start":{"line":110,"column":28},"end":{"line":115,"column":3}},"line":110},"10":{"name":"(anonymous_10)","decl":{"start":{"line":121,"column":2},"end":{"line":121,"column":3}},"loc":{"start":{"line":121,"column":18},"end":{"line":144,"column":3}},"line":121},"11":{"name":"(anonymous_11)","decl":{"start":{"line":150,"column":2},"end":{"line":150,"column":3}},"loc":{"start":{"line":150,"column":22},"end":{"line":175,"column":3}},"line":150},"12":{"name":"(anonymous_12)","decl":{"start":{"line":182,"column":2},"end":{"line":182,"column":3}},"loc":{"start":{"line":182,"column":41},"end":{"line":208,"column":3}},"line":182},"13":{"name":"(anonymous_13)","decl":{"start":{"line":214,"column":2},"end":{"line":214,"column":3}},"loc":{"start":{"line":214,"column":33},"end":{"line":232,"column":3}},"line":214},"14":{"name":"(anonymous_14)","decl":{"start":{"line":223,"column":21},"end":{"line":223,"column":22}},"loc":{"start":{"line":223,"column":35},"end":{"line":231,"column":5}},"line":223},"15":{"name":"(anonymous_15)","decl":{"start":{"line":238,"column":2},"end":{"line":238,"column":3}},"loc":{"start":{"line":238,"column":12},"end":{"line":240,"column":3}},"line":238},"16":{"name":"(anonymous_16)","decl":{"start":{"line":246,"column":2},"end":{"line":246,"column":3}},"loc":{"start":{"line":246,"column":25},"end":{"line":248,"column":3}},"line":246}},"branchMap":{"0":{"loc":{"start":{"line":68,"column":14},"end":{"line":68,"column":29}},"type":"default-arg","locations":[{"start":{"line":68,"column":21},"end":{"line":68,"column":29}}],"line":68},"1":{"loc":{"start":{"line":78,"column":4},"end":{"line":83,"column":5}},"type":"if","locations":[{"start":{"line":78,"column":4},"end":{"line":83,"column":5}},{"start":{},"end":{}}],"line":78},"2":{"loc":{"start":{"line":78,"column":8},"end":{"line":78,"column":36}},"type":"binary-expr","locations":[{"start":{"line":78,"column":8},"end":{"line":78,"column":14}},{"start":{"line":78,"column":18},"end":{"line":78,"column":36}}],"line":78},"3":{"loc":{"start":{"line":88,"column":4},"end":{"line":93,"column":5}},"type":"if","locations":[{"start":{"line":88,"column":4},"end":{"line":93,"column":5}},{"start":{},"end":{}}],"line":88},"4":{"loc":{"start":{"line":88,"column":8},"end":{"line":88,"column":80}},"type":"binary-expr","locations":[{"start":{"line":88,"column":8},"end":{"line":88,"column":18}},{"start":{"line":88,"column":22},"end":{"line":88,"column":32}},{"start":{"line":88,"column":36},"end":{"line":88,"column":43}},{"start":{"line":88,"column":47},"end":{"line":88,"column":56}},{"start":{"line":88,"column":60},"end":{"line":88,"column":67}},{"start":{"line":88,"column":71},"end":{"line":88,"column":80}}],"line":88},"5":{"loc":{"start":{"line":95,"column":4},"end":{"line":100,"column":5}},"type":"if","locations":[{"start":{"line":95,"column":4},"end":{"line":100,"column":5}},{"start":{},"end":{}}],"line":95},"6":{"loc":{"start":{"line":110,"column":14},"end":{"line":110,"column":26}},"type":"default-arg","locations":[{"start":{"line":110,"column":21},"end":{"line":110,"column":26}}],"line":110},"7":{"loc":{"start":{"line":124,"column":4},"end":{"line":141,"column":5}},"type":"if","locations":[{"start":{"line":124,"column":4},"end":{"line":141,"column":5}},{"start":{"line":137,"column":11},"end":{"line":141,"column":5}}],"line":124},"8":{"loc":{"start":{"line":124,"column":8},"end":{"line":124,"column":61}},"type":"binary-expr","locations":[{"start":{"line":124,"column":8},"end":{"line":124,"column":30}},{"start":{"line":124,"column":34},"end":{"line":124,"column":61}}],"line":124},"9":{"loc":{"start":{"line":129,"column":13},"end":{"line":129,"column":89}},"type":"binary-expr","locations":[{"start":{"line":129,"column":13},"end":{"line":129,"column":58}},{"start":{"line":129,"column":62},"end":{"line":129,"column":89}}],"line":129},"10":{"loc":{"start":{"line":133,"column":6},"end":{"line":136,"column":7}},"type":"if","locations":[{"start":{"line":133,"column":6},"end":{"line":136,"column":7}},{"start":{},"end":{}}],"line":133},"11":{"loc":{"start":{"line":160,"column":13},"end":{"line":160,"column":84}},"type":"binary-expr","locations":[{"start":{"line":160,"column":13},"end":{"line":160,"column":58}},{"start":{"line":160,"column":62},"end":{"line":160,"column":84}}],"line":160},"12":{"loc":{"start":{"line":162,"column":4},"end":{"line":172,"column":5}},"type":"if","locations":[{"start":{"line":162,"column":4},"end":{"line":172,"column":5}},{"start":{},"end":{}}],"line":162},"13":{"loc":{"start":{"line":167,"column":10},"end":{"line":169,"column":11}},"type":"if","locations":[{"start":{"line":167,"column":10},"end":{"line":169,"column":11}},{"start":{},"end":{}}],"line":167},"14":{"loc":{"start":{"line":187,"column":4},"end":{"line":207,"column":5}},"type":"if","locations":[{"start":{"line":187,"column":4},"end":{"line":207,"column":5}},{"start":{"line":200,"column":11},"end":{"line":207,"column":5}}],"line":187},"15":{"loc":{"start":{"line":191,"column":6},"end":{"line":199,"column":7}},"type":"if","locations":[{"start":{"line":191,"column":6},"end":{"line":199,"column":7}},{"start":{"line":195,"column":13},"end":{"line":199,"column":7}}],"line":191},"16":{"loc":{"start":{"line":204,"column":6},"end":{"line":206,"column":7}},"type":"if","locations":[{"start":{"line":204,"column":6},"end":{"line":206,"column":7}},{"start":{},"end":{}}],"line":204},"17":{"loc":{"start":{"line":204,"column":10},"end":{"line":204,"column":65}},"type":"binary-expr","locations":[{"start":{"line":204,"column":10},"end":{"line":204,"column":32}},{"start":{"line":204,"column":36},"end":{"line":204,"column":65}}],"line":204},"18":{"loc":{"start":{"line":224,"column":6},"end":{"line":230,"column":7}},"type":"if","locations":[{"start":{"line":224,"column":6},"end":{"line":230,"column":7}},{"start":{},"end":{}}],"line":224},"19":{"loc":{"start":{"line":226,"column":8},"end":{"line":229,"column":9}},"type":"if","locations":[{"start":{"line":226,"column":8},"end":{"line":229,"column":9}},{"start":{},"end":{}}],"line":226},"20":{"loc":{"start":{"line":226,"column":12},"end":{"line":227,"column":53}},"type":"binary-expr","locations":[{"start":{"line":226,"column":12},"end":{"line":226,"column":61}},{"start":{"line":227,"column":12},"end":{"line":227,"column":53}}],"line":226}},"s":{"0":87,"1":87,"2":87,"3":28,"4":13,"5":5,"6":4,"7":10,"8":19,"9":38,"10":13,"11":4,"12":9,"13":9,"14":9,"15":2,"16":7,"17":1,"18":6,"19":44,"20":44,"21":44,"22":44,"23":17,"24":2,"25":2,"26":0,"27":2,"28":0,"29":0,"30":15,"31":15,"32":17,"33":16,"34":16,"35":16,"36":20,"37":20,"38":20,"39":20,"40":16,"41":0,"42":0,"43":0,"44":0,"45":0,"46":0,"47":0,"48":16,"49":117,"50":117,"51":117,"52":11,"53":11,"54":11,"55":3,"56":3,"57":8,"58":8,"59":106,"60":106,"61":0,"62":11,"63":11,"64":11,"65":44,"66":38,"67":38,"68":35,"69":20,"70":14},"f":{"0":87,"1":28,"2":13,"3":5,"4":4,"5":10,"6":19,"7":38,"8":13,"9":44,"10":17,"11":16,"12":117,"13":11,"14":44,"15":20,"16":14},"b":{"0":[11],"1":[4,9],"2":[13,11],"3":[2,7],"4":[9,7,7,7,7,7],"5":[1,6],"6":[17],"7":[2,15],"8":[17,2],"9":[2,0],"10":[0,2],"11":[20,4],"12":[0,16],"13":[0,0],"14":[11,106],"15":[3,8],"16":[0,106],"17":[106,1],"18":[38,6],"19":[35,3],"20":[38,35]},"_coverageSchema":"1a1c01bbd47fc00a2c39e90264f33305004495a9","hash":"c28b09c25d1aae0322fce9e5810460b2e9e706fa"}
,"/home/katsiaryna/Documents/meds/ai_challenge/edu-ai-challenge-2025/7/src/Ship.js": {"path":"/home/katsiaryna/Documents/meds/ai_challenge/edu-ai-challenge-2025/7/src/Ship.js","statementMap":{"0":{"start":{"line":6,"column":4},"end":{"line":6,"column":36}},"1":{"start":{"line":7,"column":4},"end":{"line":7,"column":56}},"2":{"start":{"line":16,"column":18},"end":{"line":16,"column":50}},"3":{"start":{"line":17,"column":4},"end":{"line":20,"column":5}},"4":{"start":{"line":18,"column":6},"end":{"line":18,"column":30}},"5":{"start":{"line":19,"column":6},"end":{"line":19,"column":18}},"6":{"start":{"line":21,"column":4},"end":{"line":21,"column":17}},"7":{"start":{"line":29,"column":4},"end":{"line":29,"column":39}},"8":{"start":{"line":29,"column":34},"end":{"line":29,"column":37}},"9":{"start":{"line":38,"column":4},"end":{"line":38,"column":45}},"10":{"start":{"line":46,"column":4},"end":{"line":46,"column":31}},"11":{"start":{"line":54,"column":4},"end":{"line":54,"column":26}}},"fnMap":{"0":{"name":"(anonymous_0)","decl":{"start":{"line":5,"column":2},"end":{"line":5,"column":3}},"loc":{"start":{"line":5,"column":25},"end":{"line":8,"column":3}},"line":5},"1":{"name":"(anonymous_1)","decl":{"start":{"line":15,"column":2},"end":{"line":15,"column":3}},"loc":{"start":{"line":15,"column":16},"end":{"line":22,"column":3}},"line":15},"2":{"name":"(anonymous_2)","decl":{"start":{"line":28,"column":2},"end":{"line":28,"column":3}},"loc":{"start":{"line":28,"column":11},"end":{"line":30,"column":3}},"line":28},"3":{"name":"(anonymous_3)","decl":{"start":{"line":29,"column":27},"end":{"line":29,"column":28}},"loc":{"start":{"line":29,"column":34},"end":{"line":29,"column":37}},"line":29},"4":{"name":"(anonymous_4)","decl":{"start":{"line":37,"column":2},"end":{"line":37,"column":3}},"loc":{"start":{"line":37,"column":21},"end":{"line":39,"column":3}},"line":37},"5":{"name":"(anonymous_5)","decl":{"start":{"line":45,"column":2},"end":{"line":45,"column":3}},"loc":{"start":{"line":45,"column":17},"end":{"line":47,"column":3}},"line":45},"6":{"name":"(anonymous_6)","decl":{"start":{"line":53,"column":2},"end":{"line":53,"column":3}},"loc":{"start":{"line":53,"column":12},"end":{"line":55,"column":3}},"line":53}},"branchMap":{"0":{"loc":{"start":{"line":17,"column":4},"end":{"line":20,"column":5}},"type":"if","locations":[{"start":{"line":17,"column":4},"end":{"line":20,"column":5}},{"start":{},"end":{}}],"line":17},"1":{"loc":{"start":{"line":17,"column":8},"end":{"line":17,"column":39}},"type":"binary-expr","locations":[{"start":{"line":17,"column":8},"end":{"line":17,"column":18}},{"start":{"line":17,"column":22},"end":{"line":17,"column":39}}],"line":17}},"s":{"0":120,"1":120,"2":57,"3":57,"4":46,"5":46,"6":11,"7":82,"8":127,"9":6,"10":21,"11":7},"f":{"0":120,"1":57,"2":82,"3":127,"4":6,"5":21,"6":7},"b":{"0":[46,11],"1":[57,47]},"_coverageSchema":"1a1c01bbd47fc00a2c39e90264f33305004495a9","hash":"4a8de05cbdeb324910bd2fb0fd3e2d288fce43cc"}
}
