TN:
SF:src/Board.js
FN:7,(anonymous_0)
FN:18,(anonymous_1)
FN:19,(anonymous_2)
FN:29,(anonymous_3)
FN:58,(anonymous_4)
FN:78,(anonymous_5)
FN:93,(anonymous_6)
FN:94,(anonymous_7)
FN:104,(anonymous_8)
FN:109,(anonymous_9)
FN:120,(anonymous_10)
FN:151,(anonymous_11)
FN:164,(anonymous_12)
FN:172,(anonymous_13)
FN:173,(anonymous_14)
FN:180,(anonymous_15)
FN:188,(anonymous_16)
FN:189,(anonymous_17)
FN:196,(anonymous_18)
FN:197,(anonymous_19)
FN:205,(anonymous_20)
FNF:21
FNH:21
FNDA:272,(anonymous_0)
FNDA:273,(anonymous_1)
FNDA:2713,(anonymous_2)
FNDA:31,(anonymous_3)
FNDA:1129,(anonymous_4)
FNDA:1129,(anonymous_5)
FNDA:1131,(anonymous_6)
FNDA:1331,(anonymous_7)
FNDA:102,(anonymous_8)
FNDA:294,(anonymous_9)
FNDA:24,(anonymous_10)
FNDA:1782,(anonymous_11)
FNDA:1381,(anonymous_12)
FNDA:150,(anonymous_13)
FNDA:1495,(anonymous_14)
FNDA:16,(anonymous_15)
FNDA:14,(anonymous_16)
FNDA:18,(anonymous_17)
FNDA:22,(anonymous_18)
FNDA:43,(anonymous_19)
FNDA:71,(anonymous_20)
DA:8,272
DA:9,272
DA:10,272
DA:11,272
DA:19,273
DA:20,2713
DA:30,31
DA:31,31
DA:32,31
DA:34,31
DA:35,1127
DA:36,1127
DA:37,1127
DA:39,1127
DA:41,1127
DA:42,82
DA:43,82
DA:47,31
DA:48,1
DA:59,1129
DA:63,1129
DA:67,1129
DA:79,1129
DA:80,1129
DA:81,3468
DA:82,3468
DA:83,3468
DA:85,1129
DA:94,1131
DA:95,1331
DA:96,1330
DA:105,102
DA:106,102
DA:109,102
DA:110,294
DA:111,294
DA:121,24
DA:122,1
DA:125,23
DA:126,23
DA:129,23
DA:130,23
DA:131,15
DA:132,15
DA:142,8
DA:143,8
DA:152,1782
DA:153,4
DA:155,1778
DA:165,1381
DA:173,1495
DA:181,16
DA:189,18
DA:197,43
DA:206,71
LF:55
LH:55
BRDA:7,0,0,175
BRDA:34,1,0,1158
BRDA:34,1,1,1128
BRDA:36,2,0,566
BRDA:36,2,1,561
BRDA:41,3,0,82
BRDA:41,3,1,1045
BRDA:47,4,0,1
BRDA:47,4,1,30
BRDA:59,5,0,567
BRDA:59,5,1,562
BRDA:63,6,0,567
BRDA:63,6,1,562
BRDA:81,7,0,1738
BRDA:81,7,1,1730
BRDA:82,8,0,1738
BRDA:82,8,1,1730
BRDA:96,9,0,1330
BRDA:96,9,1,1329
BRDA:121,10,0,1
BRDA:121,10,1,23
BRDA:130,11,0,15
BRDA:130,11,1,8
BRDA:152,12,0,4
BRDA:152,12,1,1778
BRDA:165,13,0,1381
BRDA:165,13,1,1378
BRDA:165,13,2,1375
BRDA:165,13,3,1371
BRDA:189,14,0,14
BRDA:189,14,1,13
BRF:31
BRH:31
end_of_record
TN:
SF:src/Display.js
FN:5,(anonymous_0)
FN:14,(anonymous_1)
FN:34,(anonymous_2)
FN:48,(anonymous_3)
FN:59,(anonymous_4)
FN:76,(anonymous_5)
FN:84,(anonymous_6)
FN:91,(anonymous_7)
FN:100,(anonymous_8)
FN:123,(anonymous_9)
FN:143,(anonymous_10)
FN:164,(anonymous_11)
FN:173,(anonymous_12)
FN:181,(anonymous_13)
FN:188,(anonymous_14)
FN:199,(anonymous_15)
FNF:16
FNH:16
FNDA:55,(anonymous_0)
FNDA:7,(anonymous_1)
FNDA:8,(anonymous_2)
FNDA:142,(anonymous_3)
FNDA:1,(anonymous_4)
FNDA:1,(anonymous_5)
FNDA:1,(anonymous_6)
FNDA:4,(anonymous_7)
FNDA:4,(anonymous_8)
FNDA:7,(anonymous_9)
FNDA:5,(anonymous_10)
FNDA:1,(anonymous_11)
FNDA:1,(anonymous_12)
FNDA:13,(anonymous_13)
FNDA:2,(anonymous_14)
FNDA:2,(anonymous_15)
DA:6,55
DA:15,7
DA:18,7
DA:19,7
DA:22,7
DA:23,70
DA:24,70
DA:25,70
DA:27,7
DA:35,8
DA:36,8
DA:37,80
DA:39,8
DA:49,142
DA:50,142
DA:51,1420
DA:53,142
DA:60,1
DA:61,1
DA:62,1
DA:63,1
DA:64,1
DA:65,1
DA:66,1
DA:67,1
DA:68,1
DA:77,1
DA:78,1
DA:85,1
DA:92,4
DA:101,4
DA:102,1
DA:103,1
DA:106,3
DA:107,2
DA:108,1
DA:110,1
DA:113,1
DA:124,7
DA:126,7
DA:127,3
DA:128,1
DA:130,2
DA:133,4
DA:144,5
DA:146,5
DA:147,3
DA:148,3
DA:150,2
DA:151,2
DA:154,5
DA:155,5
DA:156,5
DA:157,5
DA:165,1
DA:174,1
DA:182,13
DA:190,2
DA:191,1
DA:200,2
DA:201,4
LF:61
LH:61
BRDA:101,0,0,1
BRDA:101,0,1,3
BRDA:106,1,0,2
BRDA:106,1,1,1
BRDA:107,2,0,1
BRDA:107,2,1,1
BRDA:124,3,0,3
BRDA:124,3,1,4
BRDA:126,4,0,3
BRDA:126,4,1,4
BRDA:127,5,0,1
BRDA:127,5,1,2
BRDA:146,6,0,3
BRDA:146,6,1,2
BRDA:190,7,0,1
BRDA:190,7,1,1
BRDA:199,8,0,1
BRF:17
BRH:17
end_of_record
TN:
SF:src/Game.js
FN:9,(anonymous_0)
FN:29,(anonymous_1)
FN:50,(anonymous_2)
FN:63,(anonymous_3)
FN:105,(anonymous_4)
FN:106,(anonymous_5)
FN:109,(anonymous_6)
FN:135,(anonymous_7)
FN:155,(anonymous_8)
FN:166,(anonymous_9)
FN:187,(anonymous_10)
FN:199,(anonymous_11)
FN:211,(anonymous_12)
FNF:13
FNH:8
FNDA:26,(anonymous_0)
FNDA:0,(anonymous_1)
FNDA:12,(anonymous_2)
FNDA:0,(anonymous_3)
FNDA:0,(anonymous_4)
FNDA:0,(anonymous_5)
FNDA:0,(anonymous_6)
FNDA:3,(anonymous_7)
FNDA:4,(anonymous_8)
FNDA:3,(anonymous_9)
FNDA:8,(anonymous_10)
FNDA:6,(anonymous_11)
FNDA:25,(anonymous_12)
DA:10,26
DA:11,26
DA:12,26
DA:14,26
DA:15,26
DA:16,26
DA:17,26
DA:20,26
DA:30,0
DA:31,0
DA:32,0
DA:35,0
DA:38,0
DA:41,0
DA:43,0
DA:51,12
DA:52,12
DA:53,12
DA:54,12
DA:56,0
DA:64,0
DA:66,0
DA:67,0
DA:71,0
DA:77,0
DA:79,0
DA:80,0
DA:84,0
DA:85,0
DA:89,0
DA:92,0
DA:98,0
DA:106,0
DA:107,0
DA:109,0
DA:110,0
DA:112,0
DA:113,0
DA:114,0
DA:115,0
DA:119,0
DA:122,0
DA:125,0
DA:127,0
DA:136,3
DA:139,3
DA:142,3
DA:145,3
DA:148,3
DA:156,4
DA:157,3
DA:158,3
DA:160,1
DA:167,3
DA:170,3
DA:176,3
DA:188,8
DA:200,6
DA:212,25
DA:213,25
LF:60
LH:28
BRDA:9,0,0,1
BRDA:10,1,0,26
BRDA:10,1,1,1
BRDA:11,2,0,26
BRDA:11,2,1,2
BRDA:12,3,0,26
BRDA:12,3,1,2
BRDA:66,4,0,0
BRDA:66,4,1,0
BRDA:79,5,0,0
BRDA:79,5,1,0
BRDA:84,6,0,0
BRDA:84,6,1,0
BRDA:112,7,0,0
BRDA:112,7,1,0
BRDA:156,8,0,3
BRDA:156,8,1,1
BRDA:156,9,0,4
BRDA:156,9,1,2
BRF:19
BRH:11
end_of_record
TN:
SF:src/Player.js
FN:7,(anonymous_0)
FN:18,(anonymous_1)
FN:26,(anonymous_2)
FN:34,(anonymous_3)
FN:43,(anonymous_4)
FN:51,(anonymous_5)
FN:59,(anonymous_6)
FN:68,(anonymous_7)
FN:77,(anonymous_8)
FN:110,(anonymous_9)
FN:121,(anonymous_10)
FN:150,(anonymous_11)
FN:182,(anonymous_12)
FN:214,(anonymous_13)
FN:223,(anonymous_14)
FN:238,(anonymous_15)
FN:246,(anonymous_16)
FNF:17
FNH:17
FNDA:87,(anonymous_0)
FNDA:28,(anonymous_1)
FNDA:13,(anonymous_2)
FNDA:5,(anonymous_3)
FNDA:4,(anonymous_4)
FNDA:10,(anonymous_5)
FNDA:19,(anonymous_6)
FNDA:38,(anonymous_7)
FNDA:13,(anonymous_8)
FNDA:44,(anonymous_9)
FNDA:17,(anonymous_10)
FNDA:16,(anonymous_11)
FNDA:117,(anonymous_12)
FNDA:11,(anonymous_13)
FNDA:44,(anonymous_14)
FNDA:20,(anonymous_15)
FNDA:14,(anonymous_16)
DA:8,87
DA:9,87
DA:10,87
DA:19,28
DA:27,13
DA:35,5
DA:44,4
DA:52,10
DA:60,19
DA:69,38
DA:78,13
DA:79,4
DA:85,9
DA:86,9
DA:88,9
DA:89,2
DA:95,7
DA:96,1
DA:102,6
DA:111,44
DA:112,44
DA:113,44
DA:114,44
DA:124,17
DA:126,2
DA:129,2
DA:130,0
DA:133,2
DA:134,0
DA:135,0
DA:139,15
DA:140,15
DA:143,17
DA:152,16
DA:153,16
DA:155,16
DA:156,20
DA:157,20
DA:158,20
DA:159,20
DA:162,16
DA:164,0
DA:165,0
DA:166,0
DA:167,0
DA:168,0
DA:174,16
DA:184,117
DA:185,117
DA:187,117
DA:188,11
DA:189,11
DA:191,11
DA:193,3
DA:194,3
DA:197,8
DA:198,8
DA:201,106
DA:204,106
DA:205,0
DA:215,11
DA:216,11
DA:223,11
DA:224,44
DA:225,38
DA:226,38
DA:228,35
DA:239,20
DA:247,14
LF:69
LH:60
BRDA:68,0,0,11
BRDA:78,1,0,4
BRDA:78,1,1,9
BRDA:78,2,0,13
BRDA:78,2,1,11
BRDA:88,3,0,2
BRDA:88,3,1,7
BRDA:88,4,0,9
BRDA:88,4,1,7
BRDA:88,4,2,7
BRDA:88,4,3,7
BRDA:88,4,4,7
BRDA:88,4,5,7
BRDA:95,5,0,1
BRDA:95,5,1,6
BRDA:110,6,0,17
BRDA:124,7,0,2
BRDA:124,7,1,15
BRDA:124,8,0,17
BRDA:124,8,1,2
BRDA:129,9,0,2
BRDA:129,9,1,0
BRDA:133,10,0,0
BRDA:133,10,1,2
BRDA:160,11,0,20
BRDA:160,11,1,4
BRDA:162,12,0,0
BRDA:162,12,1,16
BRDA:167,13,0,0
BRDA:167,13,1,0
BRDA:187,14,0,11
BRDA:187,14,1,106
BRDA:191,15,0,3
BRDA:191,15,1,8
BRDA:204,16,0,0
BRDA:204,16,1,106
BRDA:204,17,0,106
BRDA:204,17,1,1
BRDA:224,18,0,38
BRDA:224,18,1,6
BRDA:226,19,0,35
BRDA:226,19,1,3
BRDA:226,20,0,38
BRDA:226,20,1,35
BRF:44
BRH:38
end_of_record
TN:
SF:src/Ship.js
FN:5,(anonymous_0)
FN:15,(anonymous_1)
FN:28,(anonymous_2)
FN:29,(anonymous_3)
FN:37,(anonymous_4)
FN:45,(anonymous_5)
FN:53,(anonymous_6)
FNF:7
FNH:7
FNDA:120,(anonymous_0)
FNDA:57,(anonymous_1)
FNDA:82,(anonymous_2)
FNDA:127,(anonymous_3)
FNDA:6,(anonymous_4)
FNDA:21,(anonymous_5)
FNDA:7,(anonymous_6)
DA:6,120
DA:7,120
DA:16,57
DA:17,57
DA:18,46
DA:19,46
DA:21,11
DA:29,127
DA:38,6
DA:46,21
DA:54,7
LF:11
LH:11
BRDA:17,0,0,46
BRDA:17,0,1,11
BRDA:17,1,0,57
BRDA:17,1,1,47
BRF:4
BRH:4
end_of_record
